0 info it worked if it ends with ok
1 verbose cli [ 'C:\\Program Files\\nodejs\\node.exe',
1 verbose cli   'C:\\Program Files\\nodejs\\node_modules\\npm\\bin\\npm-cli.js',
1 verbose cli   'publish' ]
2 info using npm@3.3.12
3 info using node@v5.4.0
4 verbose publish [ '.' ]
5 silly cache add args [ '.', null ]
6 verbose cache add spec .
7 silly cache add parsed spec Result {
7 silly cache add   raw: '.',
7 silly cache add   scope: null,
7 silly cache add   name: null,
7 silly cache add   rawSpec: '.',
7 silly cache add   spec: 'D:\\JS_FILES\\NodeJS\\node_modules\\simple-function-utils',
7 silly cache add   type: 'directory' }
8 verbose addLocalDirectory C:\Users\Master\AppData\Roaming\npm-cache\simple-function-utils\1.0.1\package.tgz not in flight; packing
9 info lifecycle simple-function-utils@1.0.1~prepublish: simple-function-utils@1.0.1
10 silly lifecycle simple-function-utils@1.0.1~prepublish: no script for prepublish, continuing
11 verbose tar pack [ 'C:\\Users\\Master\\AppData\\Roaming\\npm-cache\\simple-function-utils\\1.0.1\\package.tgz',
11 verbose tar pack   'D:\\JS_FILES\\NodeJS\\node_modules\\simple-function-utils' ]
12 verbose tarball C:\Users\Master\AppData\Roaming\npm-cache\simple-function-utils\1.0.1\package.tgz
13 verbose folder D:\JS_FILES\NodeJS\node_modules\simple-function-utils
14 verbose addLocalTarball adding from inside cache C:\Users\Master\AppData\Roaming\npm-cache\simple-function-utils\1.0.1\package.tgz
15 silly cache afterAdd simple-function-utils@1.0.1
16 verbose afterAdd C:\Users\Master\AppData\Roaming\npm-cache\simple-function-utils\1.0.1\package\package.json not in flight; writing
17 verbose afterAdd C:\Users\Master\AppData\Roaming\npm-cache\simple-function-utils\1.0.1\package\package.json written
18 silly publish { name: 'simple-function-utils',
18 silly publish   description: 'A collection of small function utilities',
18 silly publish   version: '1.0.1',
18 silly publish   author: { name: 'Hoàng Văn Khải', email: 'hvksmr1996@gmail.com' },
18 silly publish   contributors: [ { name: 'Hoàng Văn Khải', email: 'hvksmr1996@gmail.com' } ],
18 silly publish   license: 'MIT',
18 silly publish   repository:
18 silly publish    { type: 'git',
18 silly publish      url: 'git+https://github.com/ksxnodemodules/simple-function-utils.git' },
18 silly publish   engines: { node: '>=5.0.0' },
18 silly publish   dependencies: {},
18 silly publish   files:
18 silly publish    [ 'index.js',
18 silly publish      'bind.js',
18 silly publish      'chain-function.js',
18 silly publish      'functionize-class.js',
18 silly publish      'repeat.js',
18 silly publish      'ternary.js',
18 silly publish      'transform.js',
18 silly publish      'try-catch.js' ],
18 silly publish   main: 'index.js',
18 silly publish   keywords: [ 'function', 'utilities' ],
18 silly publish   bugs: { url: 'https://github.com/ksxnodemodules/function-utils/issues' },
18 silly publish   homepage: 'https://github.com/ksxnodemodules/function-utils#readme',
18 silly publish   scripts: { test: 'node --es-staging ./test.js' },
18 silly publish   tonicExampleFileName: './test.js',
18 silly publish   readme: '\r\n# simple-function-utils\r\n\r\n## Description\r\n\r\nThis is a collection of utilities for javascript functions\r\n\r\nIf you want find its usages and its features, please go to the repo at GitHub\r\n',
18 silly publish   readmeFilename: 'README.md',
18 silly publish   gitHead: '666512d2e4d99890b308f1f9c1d861fe1b509954',
18 silly publish   _id: 'simple-function-utils@1.0.1',
18 silly publish   _shasum: '23858263db34a9907f6d8cb4b1d628172ae7de2a',
18 silly publish   _from: '.' }
19 verbose getPublishConfig undefined
20 silly mapToRegistry name simple-function-utils
21 silly mapToRegistry using default registry
22 silly mapToRegistry registry https://registry.npmjs.org/
23 silly mapToRegistry uri https://registry.npmjs.org/simple-function-utils
24 verbose publish registryBase https://registry.npmjs.org/
25 silly publish uploading C:\Users\Master\AppData\Roaming\npm-cache\simple-function-utils\1.0.1\package.tgz
26 verbose request uri https://registry.npmjs.org/simple-function-utils
27 verbose request sending authorization for write operation
28 info attempt registry request try #1 at 11:26:01
29 verbose request using bearer token for auth
30 verbose request id 40e6cdcf31dcecc9
31 http request PUT https://registry.npmjs.org/simple-function-utils
32 http 403 https://registry.npmjs.org/simple-function-utils
33 verbose headers { 'content-type': 'application/json',
33 verbose headers   'cache-control': 'max-age=300',
33 verbose headers   'content-length': '95',
33 verbose headers   'accept-ranges': 'bytes',
33 verbose headers   date: 'Tue, 12 Jan 2016 04:26:10 GMT',
33 verbose headers   via: '1.1 varnish',
33 verbose headers   connection: 'keep-alive',
33 verbose headers   'x-served-by': 'cache-hkg6820-HKG',
33 verbose headers   'x-cache': 'MISS',
33 verbose headers   'x-cache-hits': '0',
33 verbose headers   'x-timer': 'S1452572769.651885,VS0,VE691' }
34 verbose request invalidating C:\Users\Master\AppData\Roaming\npm-cache\registry.npmjs.org\simple-function-utils on PUT
35 error publish Failed PUT 403
36 verbose stack Error: "You cannot publish over the previously published version 1.0.1." : simple-function-utils
36 verbose stack     at makeError (C:\Program Files\nodejs\node_modules\npm\node_modules\npm-registry-client\lib\request.js:264:12)
36 verbose stack     at CachingRegistryClient.<anonymous> (C:\Program Files\nodejs\node_modules\npm\node_modules\npm-registry-client\lib\request.js:252:14)
36 verbose stack     at Request._callback (C:\Program Files\nodejs\node_modules\npm\node_modules\npm-registry-client\lib\request.js:172:14)
36 verbose stack     at Request.self.callback (C:\Program Files\nodejs\node_modules\npm\node_modules\request\request.js:198:22)
36 verbose stack     at emitTwo (events.js:87:13)
36 verbose stack     at Request.emit (events.js:172:7)
36 verbose stack     at Request.<anonymous> (C:\Program Files\nodejs\node_modules\npm\node_modules\request\request.js:1082:10)
36 verbose stack     at emitOne (events.js:82:20)
36 verbose stack     at Request.emit (events.js:169:7)
36 verbose stack     at IncomingMessage.<anonymous> (C:\Program Files\nodejs\node_modules\npm\node_modules\request\request.js:1009:12)
37 verbose statusCode 403
38 verbose pkgid simple-function-utils
39 verbose cwd D:\JS_FILES\NodeJS\node_modules\simple-function-utils
40 error Windows_NT 10.0.10240
41 error argv "C:\\Program Files\\nodejs\\node.exe" "C:\\Program Files\\nodejs\\node_modules\\npm\\bin\\npm-cli.js" "publish"
42 error node v5.4.0
43 error npm  v3.3.12
44 error code E403
45 error "You cannot publish over the previously published version 1.0.1." : simple-function-utils
46 error If you need help, you may report this error at:
46 error     <https://github.com/npm/npm/issues>
47 verbose exit [ 1, true ]
